Base path: /Applications/Unity/Unity.app/Contents
Cmd: initializeCompiler
Cmd: compileComputeKernel
  api=14 insize=4842 outsize=1925 ok=1
Cmd: compileComputeKernel
  api=14 insize=4842 outsize=2345 ok=1
Cmd: compileComputeKernel
  api=14 insize=4842 outsize=1785 ok=1
Cmd: compileComputeKernel
  api=14 insize=4842 outsize=2249 ok=1
Cmd: compileComputeKernel
  api=14 insize=4842 outsize=2441 ok=1
Cmd: translateComputeKernel
  api=14 insize=2057 outsize=2577 ok=1
Cmd: translateComputeKernel
  api=14 insize=1917 outsize=2269 ok=1
Cmd: translateComputeKernel
  api=14 insize=1925 outsize=2353 ok=1
Cmd: translateComputeKernel
  api=14 insize=2145 outsize=2721 ok=1
Cmd: translateComputeKernel
  api=14 insize=2145 outsize=2721 ok=1
Cmd: translateComputeKernel
  api=14 insize=2345 outsize=3037 ok=1
Cmd: translateComputeKernel
  api=14 insize=2029 outsize=2529 ok=1
Cmd: initializeCompiler

Quitting shader compiler process
